<?xml version="1.0" encoding="UTF-8"?>
<testsuites name="jest tests" tests="2" failures="0" errors="0" time="0.318">
  <testsuite name="Example Test Suite" errors="0" failures="0" skipped="0" timestamp="2025-10-26T08:50:12" time="0.07" tests="2">
    <testcase classname="Example Test Suite" name="should pass this test" time="0.001">
    </testcase>
    <testcase classname="Example Test Suite" name="should calculate correctly" time="0">
    </testcase>
  </testsuite>
</testsuites>